C:\Users\tyler\AppData\Local\Programs\Python\Python310\lib\site-packages\transformers\utils\hub.py:110: FutureWarning: Using `TRANSFORMERS_CACHE` is deprecated and will be removed in v5 of Transformers. Use `HF_HOME` instead.
  warnings.warn(
[2026-03-09 02:07:01] main INFO: ============================================================
[2026-03-09 02:07:01] main INFO: BABY-AI  ╫  MINECRAFT
[2026-03-09 02:07:01] main INFO: ============================================================
[2026-03-09 02:07:01] main INFO: Input mode  : active
[2026-03-09 02:07:01] main INFO: Step delay  : 100 ms
[2026-03-09 02:07:01] main INFO: Resolution  : (160, 160)
[2026-03-09 02:07:01] main INFO: Auto-launch : True
[2026-03-09 02:07:01] main INFO: World       : Baby_AIs World
[2026-03-09 02:07:01] main INFO: Input guard : True
[2026-03-09 02:07:01] mc_env INFO: Auto-launching Minecraft 1.21.1 ...
[2026-03-09 02:07:01] mc_launcher INFO: Fabric Loader detected: fabric-loader-0.18.4-1.21.1
[2026-03-09 02:07:01] mc_launcher INFO: Minecraft 1.21.1 ù mainClass=net.fabricmc.loader.impl.launch.knot.KnotClient, java=java-runtime-delta
[2026-03-09 02:07:01] mc_launcher INFO: Found Java: C:\Users\tyler\AppData\Local\Packages\Microsoft.4297127D64EC6_8wekyb3d8bbwe\LocalCache\Local\runtime\java-runtime-delta\windows-x64\java-runtime-delta\bin\javaw.exe
[2026-03-09 02:07:01] mc_launcher INFO: Natives dir: C:\Users\tyler\AppData\Roaming\.minecraft\bin\44685878b69bb36a6fb05390c06c8b0243d34f57
[2026-03-09 02:07:01] mc_launcher INFO: Classpath: 79 JARs
[2026-03-09 02:07:01] mc_launcher INFO: Launch command: C:\Users\tyler\AppData\Local\Packages\Microsoft.4297127D64EC6_8wekyb3d8bbwe\LocalCache\Local\runtime\java-runtime-delta\windows-x64\java-runtime-delta\bin\javaw.exe -Xmx4096M -Xms512M -DFabricMcEmu= net.minecraft.client.main.Main  -XX:HeapDumpPath=MojangTricksIntelDriversForPerformance_javaw.exe_minecraft.exe.heapdump ... --height 1080 --quickPlayPath C:\Users\tyler\AppData\Roaming\.minecraft\quickPlay\java\log.json --quickPlaySingleplayer Baby_AIs World
[2026-03-09 02:07:01] mc_launcher INFO: Full command has 44 arguments
[2026-03-09 02:07:01] mc_launcher INFO: Minecraft started: PID 28204
[2026-03-09 02:07:48] mc_launcher INFO: Minecraft window found: hwnd=0x4a0836
[2026-03-09 02:07:48] mc_env INFO: Minecraft launched ù hwnd=0x4a0836
[2026-03-09 02:07:48] mc_launcher INFO: Waiting for world to finish loading (up to 120s)...
[2026-03-09 02:07:58] mc_launcher INFO:   Still loading... (10s elapsed)
[2026-03-09 02:08:08] mc_launcher INFO:   Still loading... (20s elapsed)
[2026-03-09 02:08:19] mc_launcher INFO:   Still loading... (31s elapsed)
[2026-03-09 02:08:25] mc_launcher INFO: World loaded! Title: 'Minecraft* 1.21.1 - Singleplayer' hwnd=0x4a0836
[2026-03-09 02:08:30] mc_env INFO: Using post-load hwnd=0x4a0836
[2026-03-09 02:08:30] mc_guard INFO: Low-level hooks installed (kb=138153021, mouse=93128509)
[2026-03-09 02:08:30] mc_guard INFO: Input guard ACTIVE ù blocking user input to MC window (hwnd=0x4a0836). Scroll Lock=emergency-toggle | Ctrl+Q=save&quit | Ctrl+M=toggle input block | Ctrl+P=pause AI
[2026-03-09 02:08:30] mod_bridge INFO: ModBridge started ù will connect to 127.0.0.1:5556
[2026-03-09 02:08:30] mc_env INFO: MinecraftEnv ready: window='Minecraft* 1.21.1 - Singleplayer' mode=active resolution=(160, 160) guard=ON launcher=ON
[2026-03-09 02:08:30] mod_bridge INFO: ModBridge connected to 127.0.0.1:5556
[2026-03-09 02:08:30] orchestrator INFO: Initializing Baby-AI on device=cuda
[2026-03-09 02:08:30] orchestrator INFO: Building Student model...
[2026-03-09 02:08:30] orchestrator INFO: Student: 10,800,584 parameters (10.8 M)
[2026-03-09 02:08:30] orchestrator INFO: Building Teacher model...
[2026-03-09 02:08:30] orchestrator INFO: Teacher: 49,820,456 parameters (49.8 M)
[2026-03-09 02:08:31] main INFO: Resuming from Z:\Baby_AI\checkpoints\checkpoint_minecraft.pt
[2026-03-09 02:08:31] mod_bridge INFO: Mod event: position_update {'x': -270.87, 'y': 79.0, 'z': -36.66, 'pitch': 90.0, 'yaw': 93.284, 'on_ground': True, 'light': 2, 'tick': 260}
[2026-03-09 02:08:32] mod_bridge INFO: Mod event: position_update {'x': -270.87, 'y': 79.0, 'z': -36.66, 'pitch': 90.0, 'yaw': 93.284, 'on_ground': True, 'light': 2, 'tick': 280}
[2026-03-09 02:08:32] orchestrator INFO: Checkpoint loaded from: Z:\Baby_AI\checkpoints\checkpoint_minecraft.pt
[2026-03-09 02:08:32] orchestrator INFO: ============================================================
[2026-03-09 02:08:32] orchestrator INFO: Starting Baby-AI system...
[2026-03-09 02:08:32] orchestrator INFO: ============================================================
[2026-03-09 02:08:32] profiler INFO: System report: {'ram_mb': 1164.015625, 'gpu': {'allocated_mb': 2.00537109375, 'reserved_mb': 4.0, 'total_mb': 11263.6875}, 'student_params': 10800584, 'student_size_mb': 41.200958251953125, 'teacher_params': 49820456, 'teacher_size_mb': 190.04995727539062}
[2026-03-09 02:08:32] orchestrator INFO: System report: {'ram_mb': 1164.015625, 'gpu': {'allocated_mb': 2.00537109375, 'reserved_mb': 4.0, 'total_mb': 11263.6875}, 'student_params': 10800584, 'student_size_mb': 41.200958251953125, 'teacher_params': 49820456, 'teacher_size_mb': 190.04995727539062}
[2026-03-09 02:08:33] mod_bridge INFO: Mod event: position_update {'x': -270.87, 'y': 79.0, 'z': -36.66, 'pitch': 90.0, 'yaw': 93.284, 'on_ground': True, 'light': 2, 'tick': 300}
[2026-03-09 02:08:33] inference INFO: Inference thread started on cuda
[2026-03-09 02:08:33] learner INFO: Learner thread started.
[2026-03-09 02:08:33] distill_thread INFO: Distillation thread started (every 250 steps).
[2026-03-09 02:08:33] orchestrator INFO: All threads running.
[2026-03-09 02:08:33] main INFO: Minecraft training loop started ù Ctrl+C to stop.
[2026-03-09 02:08:33] mc_env INFO: Environment reset ù episode starts.
[2026-03-09 02:08:34] mc_env INFO: Detector diagnostics step 0 | mod_bridge=connected(alive,tick=300,evt=3) | raw_frame=1080x1920 | blk_brk=0.000 item=0.000 place=0.000 | craft=0.000 death=0.0 | vis_change=0.0000 interact=0.000 | long_brk=0 atk_streak=0 | Y=-1.0 sky_light=15 underground=0 | home_dist=-1.0
[2026-03-09 02:08:34] mod_bridge INFO: Mod event: position_update {'x': -271.3, 'y': 79.0, 'z': -36.69, 'pitch': 90.0, 'yaw': 93.284, 'on_ground': True, 'light': 3, 'tick': 320}
[2026-03-09 02:08:34] mc_env INFO: Home location set: (-271.3, -36.7)
[2026-03-09 02:08:35] mod_bridge INFO: Mod event: position_update {'x': -271.7, 'y': 79.42, 'z': -37.65, 'pitch': 84.0, 'yaw': 87.284, 'on_ground': False, 'light': 3, 'tick': 340}
[2026-03-09 02:08:36] mod_bridge INFO: Mod event: position_update {'x': -270.42, 'y': 80.0, 'z': -37.7, 'pitch': 78.0, 'yaw': 81.284, 'on_ground': False, 'light': 2, 'tick': 360}
[2026-03-09 02:08:37] mod_bridge INFO: Mod event: position_update {'x': -269.96, 'y': 78.0, 'z': -36.4, 'pitch': 90.0, 'yaw': 81.284, 'on_ground': True, 'light': 0, 'tick': 380}
[2026-03-09 02:08:38] mod_bridge INFO: Mod event: position_update {'x': -269.77, 'y': 78.0, 'z': -36.3, 'pitch': 90.0, 'yaw': 69.284, 'on_ground': True, 'light': 0, 'tick': 400}
[2026-03-09 02:08:39] mod_bridge INFO: Mod event: position_update {'x': -269.76, 'y': 79.17, 'z': -36.3, 'pitch': 90.0, 'yaw': 69.284, 'on_ground': False, 'light': 1, 'tick': 420}
[2026-03-09 02:08:40] mod_bridge INFO: Mod event: position_update {'x': -269.92, 'y': 79.25, 'z': -36.59, 'pitch': 66.0, 'yaw': 69.284, 'on_ground': False, 'light': 1, 'tick': 440}
[2026-03-09 02:08:41] mod_bridge INFO: Mod event: position_update {'x': -270.7, 'y': 78.0, 'z': -35.07, 'pitch': 66.0, 'yaw': 81.284, 'on_ground': True, 'light': 2, 'tick': 460}
[2026-03-09 02:08:41] inference WARNING: Latency 298.8 ms > target 200.0 ms at step 22
[2026-03-09 02:08:42] mod_bridge INFO: Mod event: position_update {'x': -270.7, 'y': 78.0, 'z': -34.68, 'pitch': 60.0, 'yaw': 81.284, 'on_ground': True, 'light': 3, 'tick': 480}
[2026-03-09 02:08:43] mod_bridge INFO: Mod event: position_update {'x': -269.77, 'y': 78.0, 'z': -34.7, 'pitch': 54.0, 'yaw': 57.283993, 'on_ground': True, 'light': 2, 'tick': 500}
[2026-03-09 02:08:44] mod_bridge INFO: Mod event: position_update {'x': -270.48, 'y': 78.0, 'z': -32.3, 'pitch': 54.0, 'yaw': 27.283989, 'on_ground': True, 'light': 5, 'tick': 520}
[2026-03-09 02:08:44] inference WARNING: Latency 288.4 ms > target 200.0 ms at step 34
[2026-03-09 02:08:45] mod_bridge INFO: Mod event: position_update {'x': -270.7, 'y': 78.0, 'z': -32.3, 'pitch': 29.999996, 'yaw': 26.683989, 'on_ground': True, 'light': 5, 'tick': 540}
[2026-03-09 02:08:45] inference WARNING: Latency 320.4 ms > target 200.0 ms at step 35
[2026-03-09 02:08:46] mod_bridge INFO: Mod event: position_update {'x': -270.7, 'y': 78.0, 'z': -33.16, 'pitch': -39.60001, 'yaw': 159.88396, 'on_ground': True, 'light': 4, 'tick': 560}
[2026-03-09 02:08:47] mod_bridge INFO: Mod event: position_update {'x': -270.68, 'y': 78.8, 'z': -34.31, 'pitch': -63.600014, 'yaw': 159.88396, 'on_ground': False, 'light': 4, 'tick': 580}
[2026-03-09 02:08:48] mod_bridge INFO: Mod event: item_picked_up {'item': 'minecraft:oak_boat', 'count': 1, 'tick': 600}
[2026-03-09 02:08:48] mod_bridge INFO: Mod event: position_update {'x': -269.7, 'y': 78.0, 'z': -35.38, 'pitch': -63.600014, 'yaw': 129.88396, 'on_ground': True, 'light': 1, 'tick': 600}
[2026-03-09 02:08:48] inference WARNING: Latency 201.1 ms > target 200.0 ms at step 43
[2026-03-09 02:08:49] mod_bridge INFO: Mod event: position_update {'x': -269.68, 'y': 79.02, 'z': -35.73, 'pitch': -77.70002, 'yaw': -96.16602, 'on_ground': False, 'light': 2, 'tick': 620}
[2026-03-09 02:08:50] mod_bridge INFO: Mod event: position_update {'x': -269.3, 'y': 78.0, 'z': -36.13, 'pitch': -90.0, 'yaw': -114.16603, 'on_ground': True, 'light': 0, 'tick': 640}
[2026-03-09 02:08:50] inference WARNING: Latency 211.1 ms > target 200.0 ms at step 48
[2026-03-09 02:08:51] main INFO: Step    50 | action=sprint_fwd_look_up_sm        | curiosity=3.3078 | interact=1.000 | explore=0.000 | blk_break=0.000 | item=0.400 | place=0.000 | craft=0.000 | bld_streak=0.000 | creative=0.150 | death=0.0 | drop=0.30 | dmg=0.00 | heal=0.00 | food=0.00 | xp=0.00 | hbar=0.20 | height=2.20 | home=0.96 | ep_reward=44.96 | latency=211 ms
[2026-03-09 02:08:51] mod_bridge INFO: Mod event: position_update {'x': -268.04, 'y': 77.23, 'z': -35.7, 'pitch': -90.0, 'yaw': -114.16603, 'on_ground': True, 'light': 0, 'tick': 660}
[2026-03-09 02:08:51] mc_env INFO: Mod events step 50: ['position_update']
[2026-03-09 02:08:51] mc_env INFO: Detector diagnostics step 50 | mod_bridge=connected(alive,tick=600,evt=22) | raw_frame=1080x1920 | blk_brk=0.000 item=0.000 place=0.000 | craft=0.000 death=0.0 | vis_change=0.0000 interact=0.000 | long_brk=0 atk_streak=0 | Y=77.2 sky_light=0 underground=0 | home_dist=3.4
[2026-03-09 02:08:52] mod_bridge INFO: Mod event: position_update {'x': -266.08, 'y': 77.0, 'z': -35.96, 'pitch': -90.0, 'yaw': -114.16603, 'on_ground': True, 'light': 0, 'tick': 680}
[2026-03-09 02:08:52] mod_bridge INFO: Mod event: item_picked_up {'item': 'minecraft:pointed_dripstone', 'count': 25, 'tick': 684}
[2026-03-09 02:08:53] mod_bridge INFO: Mod event: position_update {'x': -263.98, 'y': 76.75, 'z': -35.11, 'pitch': -84.0, 'yaw': -120.16603, 'on_ground': False, 'light': 0, 'tick': 700}
[2026-03-09 02:08:54] mod_bridge INFO: Mod event: position_update {'x': -262.04, 'y': 77.02, 'z': -35.69, 'pitch': -84.0, 'yaw': -96.16603, 'on_ground': False, 'light': 1, 'tick': 720}
[2026-03-09 02:08:55] mod_bridge INFO: Mod event: position_update {'x': -259.18, 'y': 75.54, 'z': -36.24, 'pitch': -66.0, 'yaw': -120.16603, 'on_ground': False, 'light': 4, 'tick': 740}
[2026-03-09 02:08:56] mod_bridge INFO: Mod event: position_update {'x': -257.97, 'y': 75.0, 'z': -37.37, 'pitch': -72.0, 'yaw': -144.16603, 'on_ground': True, 'light': 5, 'tick': 760}
[2026-03-09 02:08:57] mod_bridge INFO: Mod event: position_update {'x': -257.43, 'y': 75.0, 'z': -38.06, 'pitch': -78.0, 'yaw': -144.16603, 'on_ground': True, 'light': 4, 'tick': 780}
[2026-03-09 02:08:58] mod_bridge INFO: Mod event: position_update {'x': -257.91, 'y': 75.0, 'z': -37.38, 'pitch': -78.0, 'yaw': -144.16603, 'on_ground': True, 'light': 5, 'tick': 800}
[2026-03-09 02:08:59] mod_bridge INFO: Mod event: position_update {'x': -257.92, 'y': 75.0, 'z': -38.7, 'pitch': -53.999996, 'yaw': -168.16603, 'on_ground': True, 'light': 4, 'tick': 820}
[2026-03-09 02:09:00] mod_bridge INFO: Mod event: position_update {'x': -258.31, 'y': 75.0, 'z': -37.51, 'pitch': -53.999996, 'yaw': -162.16603, 'on_ground': True, 'light': 4, 'tick': 840}
[2026-03-09 02:09:01] mod_bridge INFO: Mod event: position_update {'x': -257.89, 'y': 75.5, 'z': -38.57, 'pitch': -29.999992, 'yaw': -156.16603, 'on_ground': False, 'light': 4, 'tick': 860}
[2026-03-09 02:09:02] mod_bridge INFO: Mod event: position_update {'x': -257.21, 'y': 75.0, 'z': -39.7, 'pitch': -29.999992, 'yaw': -132.16603, 'on_ground': True, 'light': 3, 'tick': 880}
[2026-03-09 02:09:03] mod_bridge INFO: Mod event: position_update {'x': -254.15, 'y': 75.0, 'z': -40.7, 'pitch': -11.9999895, 'yaw': -126.16603, 'on_ground': True, 'light': 5, 'tick': 900}
[2026-03-09 02:09:04] mod_bridge INFO: Mod event: position_update {'x': -253.3, 'y': 75.0, 'z': -40.16, 'pitch': -11.9999895, 'yaw': -126.16603, 'on_ground': True, 'light': 6, 'tick': 920}
[2026-03-09 02:09:05] mod_bridge INFO: Mod event: position_update {'x': -252.15, 'y': 75.0, 'z': -40.44, 'pitch': -11.9999895, 'yaw': -102.16603, 'on_ground': True, 'light': 7, 'tick': 940}
[2026-03-09 02:09:06] mod_bridge INFO: Mod event: position_update {'x': -251.83, 'y': 75.0, 'z': -40.5, 'pitch': -11.9999895, 'yaw': -102.16603, 'on_ground': True, 'light': 8, 'tick': 960}
[2026-03-09 02:09:07] mod_bridge INFO: Mod event: position_update {'x': -251.83, 'y': 75.0, 'z': -40.5, 'pitch': -11.9999895, 'yaw': -102.16603, 'on_ground': True, 'light': 8, 'tick': 980}
[2026-03-09 02:09:08] mod_bridge INFO: Mod event: position_update {'x': -251.83, 'y': 75.0, 'z': -40.5, 'pitch': -11.9999895, 'yaw': -102.16603, 'on_ground': True, 'light': 8, 'tick': 1000}
[2026-03-09 02:09:09] mod_bridge INFO: Mod event: position_update {'x': -251.83, 'y': 75.0, 'z': -40.5, 'pitch': -11.9999895, 'yaw': -102.16603, 'on_ground': True, 'light': 8, 'tick': 1020}
[2026-03-09 02:09:09] main INFO: Step   100 | action=back                         | curiosity=3.3410 | interact=0.000 | explore=0.000 | blk_break=0.000 | item=2.000 | place=0.000 | craft=0.000 | bld_streak=0.000 | creative=0.100 | death=0.0 | drop=0.00 | dmg=0.00 | heal=0.00 | food=0.00 | xp=0.00 | hbar=0.00 | height=1.40 | home=1.00 | ep_reward=46.88 | latency=176 ms
[2026-03-09 02:09:09] mc_env INFO: Detector diagnostics step 100 | mod_bridge=connected(alive,tick=1000,evt=41) | raw_frame=1080x1920 | blk_brk=0.000 item=0.000 place=0.000 | craft=0.000 death=0.0 | vis_change=0.0000 interact=0.000 | long_brk=0 atk_streak=0 | Y=75.0 sky_light=8 underground=0 | home_dist=19.8
[2026-03-09 02:09:10] RewardMonitor WARNING: Anomaly in 'exploration': value=0.6270  z=10.00  (mean=0.0062 std=0.0621)
[2026-03-09 02:09:10] mod_bridge INFO: Mod event: position_update {'x': -251.83, 'y': 75.0, 'z': -40.5, 'pitch': -11.9999895, 'yaw': -102.16603, 'on_ground': True, 'light': 8, 'tick': 1040}
[2026-03-09 02:09:11] mod_bridge INFO: Mod event: position_update {'x': -251.83, 'y': 75.0, 'z': -40.5, 'pitch': -11.9999895, 'yaw': -102.16603, 'on_ground': True, 'light': 8, 'tick': 1060}
[2026-03-09 02:09:12] learner INFO: Step 100 | loss=0.0908 | replay=105 | priority=28.17 | lr=5.95e-06/5.95e-06/1.78e-05
[2026-03-09 02:09:12] mod_bridge INFO: Mod event: position_update {'x': -251.83, 'y': 75.0, 'z': -40.5, 'pitch': -11.9999895, 'yaw': -102.16603, 'on_ground': True, 'light': 8, 'tick': 1080}
[2026-03-09 02:09:13] inference WARNING: Latency 201.7 ms > target 200.0 ms at step 108
[2026-03-09 02:09:13] mod_bridge INFO: Mod event: position_update {'x': -251.83, 'y': 75.0, 'z': -40.5, 'pitch': -11.9999895, 'yaw': -102.16603, 'on_ground': True, 'light': 8, 'tick': 1100}
[2026-03-09 02:09:14] mod_bridge INFO: Mod event: position_update {'x': -251.83, 'y': 75.0, 'z': -40.5, 'pitch': -11.9999895, 'yaw': -102.16603, 'on_ground': True, 'light': 8, 'tick': 1120}
[2026-03-09 02:09:15] mod_bridge INFO: Mod event: position_update {'x': -251.83, 'y': 75.0, 'z': -40.5, 'pitch': -11.9999895, 'yaw': -102.16603, 'on_ground': True, 'light': 8, 'tick': 1140}
[2026-03-09 02:09:16] mod_bridge INFO: Mod event: position_update {'x': -251.83, 'y': 75.0, 'z': -40.5, 'pitch': -11.9999895, 'yaw': -102.16603, 'on_ground': True, 'light': 8, 'tick': 1160}
[2026-03-09 02:09:17] mod_bridge INFO: Mod event: position_update {'x': -251.83, 'y': 75.0, 'z': -40.5, 'pitch': -11.9999895, 'yaw': -102.16603, 'on_ground': True, 'light': 8, 'tick': 1180}
[2026-03-09 02:09:18] mod_bridge INFO: Mod event: position_update {'x': -251.83, 'y': 75.0, 'z': -40.5, 'pitch': -11.9999895, 'yaw': -102.16603, 'on_ground': True, 'light': 8, 'tick': 1200}
[2026-03-09 02:09:19] mod_bridge INFO: Mod event: position_update {'x': -251.83, 'y': 75.0, 'z': -40.5, 'pitch': -11.9999895, 'yaw': -102.16603, 'on_ground': True, 'light': 8, 'tick': 1220}
[2026-03-09 02:09:20] mod_bridge INFO: Mod event: position_update {'x': -251.83, 'y': 75.0, 'z': -40.5, 'pitch': -11.9999895, 'yaw': -102.16603, 'on_ground': True, 'light': 8, 'tick': 1240}
[2026-03-09 02:09:21] mod_bridge INFO: Mod event: position_update {'x': -251.83, 'y': 75.0, 'z': -40.5, 'pitch': -11.9999895, 'yaw': -102.16603, 'on_ground': True, 'light': 8, 'tick': 1260}
[2026-03-09 02:09:22] mod_bridge INFO: Mod event: position_update {'x': -251.83, 'y': 75.0, 'z': -40.5, 'pitch': -11.9999895, 'yaw': -102.16603, 'on_ground': True, 'light': 8, 'tick': 1280}
[2026-03-09 02:09:23] mod_bridge INFO: Mod event: position_update {'x': -251.83, 'y': 75.0, 'z': -40.5, 'pitch': -11.9999895, 'yaw': -102.16603, 'on_ground': True, 'light': 8, 'tick': 1300}
[2026-03-09 02:09:24] mod_bridge INFO: Mod event: position_update {'x': -251.83, 'y': 75.0, 'z': -40.5, 'pitch': -11.9999895, 'yaw': -102.16603, 'on_ground': True, 'light': 8, 'tick': 1320}
[2026-03-09 02:09:25] mod_bridge INFO: Mod event: position_update {'x': -251.83, 'y': 75.0, 'z': -40.5, 'pitch': -11.9999895, 'yaw': -102.16603, 'on_ground': True, 'light': 8, 'tick': 1340}
[2026-03-09 02:09:26] mod_bridge INFO: Mod event: position_update {'x': -251.83, 'y': 75.0, 'z': -40.5, 'pitch': -11.9999895, 'yaw': -102.16603, 'on_ground': True, 'light': 8, 'tick': 1360}
[2026-03-09 02:09:27] mod_bridge INFO: Mod event: position_update {'x': -251.83, 'y': 75.0, 'z': -40.5, 'pitch': -11.9999895, 'yaw': -102.16603, 'on_ground': True, 'light': 8, 'tick': 1380}
[2026-03-09 02:09:28] mod_bridge INFO: Mod event: position_update {'x': -251.83, 'y': 75.0, 'z': -40.5, 'pitch': -11.9999895, 'yaw': -102.16603, 'on_ground': True, 'light': 8, 'tick': 1400}
[2026-03-09 02:09:28] main INFO: Step   150 | action=drop                         | curiosity=3.2960 | interact=0.000 | explore=0.627 | blk_break=0.000 | item=0.000 | place=0.000 | craft=0.000 | bld_streak=0.000 | creative=0.000 | death=0.0 | drop=0.00 | dmg=0.00 | heal=0.00 | food=0.00 | xp=0.00 | hbar=0.00 | height=0.00 | home=1.00 | ep_reward=47.13 | latency=172 ms
[2026-03-09 02:09:28] mc_env INFO: Detector diagnostics step 150 | mod_bridge=connected(alive,tick=1400,evt=60) | raw_frame=1080x1920 | blk_brk=0.000 item=0.000 place=0.000 | craft=0.000 death=0.0 | vis_change=0.0000 interact=0.000 | long_brk=0 atk_streak=1 | Y=75.0 sky_light=8 underground=0 | home_dist=19.8
[2026-03-09 02:09:29] mod_bridge INFO: Mod event: position_update {'x': -251.83, 'y': 75.0, 'z': -40.5, 'pitch': -11.9999895, 'yaw': -102.16603, 'on_ground': True, 'light': 8, 'tick': 1420}
[2026-03-09 02:09:30] mod_bridge INFO: Mod event: position_update {'x': -251.83, 'y': 75.0, 'z': -40.5, 'pitch': -11.9999895, 'yaw': -102.16603, 'on_ground': True, 'light': 8, 'tick': 1440}
[2026-03-09 02:09:31] mod_bridge INFO: Mod event: position_update {'x': -251.46, 'y': 75.0, 'z': -40.7, 'pitch': -11.9999895, 'yaw': -96.16603, 'on_ground': True, 'light': 8, 'tick': 1460}
[2026-03-09 02:09:32] mod_bridge INFO: Mod event: position_update {'x': -252.49, 'y': 75.0, 'z': -40.61, 'pitch': -41.999992, 'yaw': -96.16603, 'on_ground': True, 'light': 7, 'tick': 1480}
[2026-03-09 02:09:33] mod_bridge INFO: Mod event: position_update {'x': -255.06, 'y': 75.0, 'z': -40.7, 'pitch': -47.999992, 'yaw': -96.16603, 'on_ground': True, 'light': 4, 'tick': 1500}
[2026-03-09 02:09:34] mod_bridge INFO: Mod event: position_update {'x': -251.3, 'y': 75.0, 'z': -40.7, 'pitch': -78.0, 'yaw': -90.16603, 'on_ground': True, 'light': 8, 'tick': 1520}
[2026-03-09 02:09:35] mod_bridge INFO: Mod event: position_update {'x': -251.3, 'y': 75.0, 'z': -40.7, 'pitch': -90.0, 'yaw': -90.16603, 'on_ground': True, 'light': 8, 'tick': 1540}
[2026-03-09 02:09:36] mod_bridge INFO: Mod event: position_update {'x': -251.3, 'y': 75.0, 'z': -40.7, 'pitch': -78.0, 'yaw': -84.16603, 'on_ground': True, 'light': 8, 'tick': 1560}
[2026-03-09 02:09:37] mod_bridge INFO: Mod event: position_update {'x': -251.42, 'y': 75.0, 'z': -40.7, 'pitch': -90.0, 'yaw': -108.16603, 'on_ground': True, 'light': 8, 'tick': 1580}
[2026-03-09 02:09:38] mod_bridge INFO: Mod event: position_update {'x': -251.83, 'y': 75.0, 'z': -40.7, 'pitch': -84.0, 'yaw': -108.16603, 'on_ground': True, 'light': 8, 'tick': 1600}
[2026-03-09 02:09:38] learner INFO: Step 200 | loss=0.0377 | replay=176 | priority=46.02 | lr=1.09e-05/1.09e-05/3.27e-05
[2026-03-09 02:09:39] mod_bridge INFO: Mod event: position_update {'x': -254.12, 'y': 75.0, 'z': -40.7, 'pitch': -90.0, 'yaw': -114.16603, 'on_ground': True, 'light': 5, 'tick': 1620}
[2026-03-09 02:09:40] mod_bridge INFO: Mod event: position_update {'x': -252.92, 'y': 75.0, 'z': -39.5, 'pitch': -90.0, 'yaw': -144.16603, 'on_ground': True, 'light': 8, 'tick': 1640}
[2026-03-09 02:09:41] mod_bridge INFO: Mod event: position_update {'x': -252.92, 'y': 75.0, 'z': -39.5, 'pitch': -90.0, 'yaw': -144.16603, 'on_ground': True, 'light': 8, 'tick': 1660}
[2026-03-09 02:09:42] mod_bridge INFO: Mod event: position_update {'x': -252.92, 'y': 75.0, 'z': -39.5, 'pitch': -90.0, 'yaw': -144.16603, 'on_ground': True, 'light': 8, 'tick': 1680}
[2026-03-09 02:09:43] mod_bridge INFO: Mod event: position_update {'x': -252.92, 'y': 75.0, 'z': -39.5, 'pitch': -90.0, 'yaw': -144.16603, 'on_ground': True, 'light': 8, 'tick': 1700}
[2026-03-09 02:09:44] mod_bridge INFO: Mod event: position_update {'x': -252.92, 'y': 75.0, 'z': -39.5, 'pitch': -90.0, 'yaw': -144.16603, 'on_ground': True, 'light': 8, 'tick': 1720}
[2026-03-09 02:09:45] mod_bridge INFO: Mod event: position_update {'x': -252.92, 'y': 75.0, 'z': -39.5, 'pitch': -90.0, 'yaw': -144.16603, 'on_ground': True, 'light': 8, 'tick': 1740}
[2026-03-09 02:09:46] mod_bridge INFO: Mod event: position_update {'x': -252.92, 'y': 75.0, 'z': -39.5, 'pitch': -90.0, 'yaw': -144.16603, 'on_ground': True, 'light': 8, 'tick': 1760}
[2026-03-09 02:09:47] mod_bridge INFO: Mod event: position_update {'x': -252.92, 'y': 75.0, 'z': -39.5, 'pitch': -90.0, 'yaw': -144.16603, 'on_ground': True, 'light': 8, 'tick': 1780}
[2026-03-09 02:09:47] main INFO: Step   200 | action=fwd_look_up_lg               | curiosity=3.3116 | interact=0.000 | explore=0.000 | blk_break=0.000 | item=0.000 | place=0.000 | craft=0.000 | bld_streak=0.000 | creative=0.000 | death=0.0 | drop=0.30 | dmg=0.00 | heal=0.00 | food=0.00 | xp=0.00 | hbar=0.00 | height=0.15 | home=1.00 | ep_reward=44.83 | latency=115 ms
[2026-03-09 02:09:47] mc_env INFO: Detector diagnostics step 200 | mod_bridge=connected(alive,tick=1700,evt=79) | raw_frame=1080x1920 | blk_brk=0.000 item=0.000 place=0.000 | craft=0.000 death=0.0 | vis_change=0.0000 interact=0.000 | long_brk=0 atk_streak=0 | Y=75.0 sky_light=8 underground=0 | home_dist=18.6
[2026-03-09 02:09:48] mod_bridge INFO: Mod event: position_update {'x': -252.92, 'y': 75.0, 'z': -39.5, 'pitch': -90.0, 'yaw': -144.16603, 'on_ground': True, 'light': 8, 'tick': 1800}
[2026-03-09 02:09:49] mod_bridge INFO: Mod event: position_update {'x': -252.92, 'y': 75.0, 'z': -39.5, 'pitch': -90.0, 'yaw': -144.16603, 'on_ground': True, 'light': 8, 'tick': 1820}
[2026-03-09 02:09:50] mod_bridge INFO: Mod event: position_update {'x': -252.92, 'y': 75.0, 'z': -39.5, 'pitch': -90.0, 'yaw': -144.16603, 'on_ground': True, 'light': 8, 'tick': 1840}
[2026-03-09 02:09:51] mod_bridge INFO: Mod event: item_picked_up {'item': 'minecraft:pointed_dripstone', 'count': 25, 'tick': 1860}
[2026-03-09 02:09:51] mod_bridge INFO: Mod event: position_update {'x': -252.92, 'y': 75.0, 'z': -39.5, 'pitch': -90.0, 'yaw': -144.16603, 'on_ground': True, 'light': 8, 'tick': 1860}
[2026-03-09 02:09:51] distill_thread INFO: Starting distillation round 0...
[2026-03-09 02:09:52] mod_bridge INFO: Mod event: position_update {'x': -252.92, 'y': 75.0, 'z': -39.5, 'pitch': -90.0, 'yaw': -144.16603, 'on_ground': True, 'light': 8, 'tick': 1880}
[2026-03-09 02:09:53] mod_bridge INFO: Mod event: position_update {'x': -252.92, 'y': 75.0, 'z': -39.5, 'pitch': -90.0, 'yaw': -144.16603, 'on_ground': True, 'light': 8, 'tick': 1900}
[2026-03-09 02:09:54] mod_bridge INFO: Mod event: position_update {'x': -252.92, 'y': 75.0, 'z': -39.5, 'pitch': -90.0, 'yaw': -144.16603, 'on_ground': True, 'light': 8, 'tick': 1920}
[2026-03-09 02:09:55] mod_bridge INFO: Mod event: position_update {'x': -252.92, 'y': 75.0, 'z': -39.5, 'pitch': -90.0, 'yaw': -144.16603, 'on_ground': True, 'light': 8, 'tick': 1940}
[2026-03-09 02:09:56] mod_bridge INFO: Mod event: position_update {'x': -252.92, 'y': 75.0, 'z': -39.5, 'pitch': -90.0, 'yaw': -144.16603, 'on_ground': True, 'light': 8, 'tick': 1960}
[2026-03-09 02:09:57] mod_bridge INFO: Mod event: position_update {'x': -252.92, 'y': 75.0, 'z': -39.5, 'pitch': -90.0, 'yaw': -144.16603, 'on_ground': True, 'light': 8, 'tick': 1980}
[2026-03-09 02:09:58] mod_bridge INFO: Mod event: position_update {'x': -252.92, 'y': 75.0, 'z': -39.5, 'pitch': -90.0, 'yaw': -144.16603, 'on_ground': True, 'light': 8, 'tick': 2000}
[2026-03-09 02:09:59] mod_bridge INFO: Mod event: position_update {'x': -252.92, 'y': 75.0, 'z': -39.5, 'pitch': -90.0, 'yaw': -144.16603, 'on_ground': True, 'light': 8, 'tick': 2020}
[2026-03-09 02:10:00] mod_bridge INFO: Mod event: position_update {'x': -252.92, 'y': 75.0, 'z': -39.5, 'pitch': -90.0, 'yaw': -144.16603, 'on_ground': True, 'light': 8, 'tick': 2040}
[2026-03-09 02:10:00] distillation INFO: Distillation swap at step 20
[2026-03-09 02:10:00] distill_thread INFO: Distillation round 1 complete | avg_loss=0.3446
[2026-03-09 02:10:00] RewardMonitor WARNING: Anomaly in 'intrinsic': value=3.5287  z=6.61  (mean=3.3040 std=0.0340)
[2026-03-09 02:10:01] mod_bridge INFO: Mod event: position_update {'x': -252.92, 'y': 75.0, 'z': -39.5, 'pitch': -90.0, 'yaw': -144.16603, 'on_ground': True, 'light': 8, 'tick': 2060}
[2026-03-09 02:10:01] RewardMonitor WARNING: Anomaly in 'intrinsic': value=3.5422  z=6.36  (mean=3.3051 std=0.0373)
[2026-03-09 02:10:01] RewardMonitor WARNING: Anomaly in 'intrinsic': value=3.5175  z=5.33  (mean=3.3060 std=0.0397)
[2026-03-09 02:10:02] mod_bridge INFO: Mod event: position_update {'x': -252.92, 'y': 75.0, 'z': -39.5, 'pitch': -90.0, 'yaw': -144.16603, 'on_ground': True, 'light': 8, 'tick': 2080}
[2026-03-09 02:10:02] RewardMonitor WARNING: Anomaly in 'intrinsic': value=3.6149  z=6.70  (mean=3.3080 std=0.0458)
[2026-03-09 02:10:03] mod_bridge INFO: Mod event: position_update {'x': -252.92, 'y': 75.0, 'z': -39.5, 'pitch': -90.0, 'yaw': -144.16603, 'on_ground': True, 'light': 8, 'tick': 2100}
[2026-03-09 02:10:03] RewardMonitor WARNING: Anomaly in 'intrinsic': value=3.6113  z=5.34  (mean=3.3123 std=0.0559)
[2026-03-09 02:10:04] mod_bridge INFO: Mod event: position_update {'x': -252.92, 'y': 75.0, 'z': -39.5, 'pitch': -90.0, 'yaw': -144.16603, 'on_ground': True, 'light': 8, 'tick': 2120}
[2026-03-09 02:10:05] mod_bridge INFO: Mod event: position_update {'x': -252.92, 'y': 75.0, 'z': -39.5, 'pitch': -90.0, 'yaw': -144.16603, 'on_ground': True, 'light': 8, 'tick': 2140}
[2026-03-09 02:10:05] RewardMonitor WARNING: Anomaly in 'intrinsic': value=3.6379  z=5.01  (mean=3.3164 std=0.0642)
[2026-03-09 02:10:06] mod_bridge INFO: Mod event: position_update {'x': -252.92, 'y': 75.0, 'z': -39.5, 'pitch': -90.0, 'yaw': -144.16603, 'on_ground': True, 'light': 8, 'tick': 2160}
[2026-03-09 02:10:06] learner INFO: Step 300 | loss=-0.0904 | replay=246 | priority=63.68 | lr=1.58e-05/1.58e-05/4.75e-05
[2026-03-09 02:10:07] mod_bridge INFO: Mod event: position_update {'x': -252.92, 'y': 75.0, 'z': -39.5, 'pitch': -90.0, 'yaw': -144.16603, 'on_ground': True, 'light': 8, 'tick': 2180}
[2026-03-09 02:10:07] main INFO: Step   250 | action=use_look_up                  | curiosity=3.5956 | interact=0.000 | explore=0.000 | blk_break=0.000 | item=2.000 | place=0.000 | craft=0.000 | bld_streak=0.000 | creative=0.100 | death=0.0 | drop=0.00 | dmg=0.00 | heal=0.00 | food=0.00 | xp=0.00 | hbar=0.45 | height=0.00 | home=1.00 | ep_reward=65.20 | latency=135 ms
[2026-03-09 02:10:08] mc_env INFO: Detector diagnostics step 250 | mod_bridge=connected(alive,tick=2100,evt=100) | raw_frame=1080x1920 | blk_brk=0.000 item=0.000 place=0.000 | craft=0.000 death=0.0 | vis_change=0.0000 interact=0.000 | long_brk=0 atk_streak=0 | Y=75.0 sky_light=8 underground=0 | home_dist=18.6
[2026-03-09 02:10:08] mod_bridge INFO: Mod event: position_update {'x': -252.92, 'y': 75.0, 'z': -39.5, 'pitch': -90.0, 'yaw': -144.16603, 'on_ground': True, 'light': 8, 'tick': 2200}
[2026-03-09 02:10:09] mod_bridge INFO: Mod event: position_update {'x': -252.92, 'y': 75.0, 'z': -39.5, 'pitch': -90.0, 'yaw': -144.16603, 'on_ground': True, 'light': 8, 'tick': 2220}
[2026-03-09 02:10:10] mod_bridge INFO: Mod event: position_update {'x': -252.92, 'y': 75.0, 'z': -39.5, 'pitch': -90.0, 'yaw': -144.16603, 'on_ground': True, 'light': 8, 'tick': 2240}
[2026-03-09 02:10:11] mod_bridge INFO: Mod event: position_update {'x': -252.92, 'y': 75.0, 'z': -39.5, 'pitch': -90.0, 'yaw': -144.16603, 'on_ground': True, 'light': 8, 'tick': 2260}
[2026-03-09 02:10:12] mod_bridge INFO: Mod event: position_update {'x': -252.92, 'y': 75.0, 'z': -39.5, 'pitch': -90.0, 'yaw': -144.16603, 'on_ground': True, 'light': 8, 'tick': 2280}
[2026-03-09 02:10:13] mod_bridge INFO: Mod event: position_update {'x': -252.92, 'y': 75.0, 'z': -39.5, 'pitch': -90.0, 'yaw': -144.16603, 'on_ground': True, 'light': 8, 'tick': 2300}
[2026-03-09 02:10:14] mod_bridge INFO: Mod event: position_update {'x': -252.92, 'y': 75.0, 'z': -39.5, 'pitch': -90.0, 'yaw': -144.16603, 'on_ground': True, 'light': 8, 'tick': 2320}
[2026-03-09 02:10:15] mod_bridge INFO: Mod event: position_update {'x': -252.92, 'y': 75.0, 'z': -39.5, 'pitch': -90.0, 'yaw': -144.16603, 'on_ground': True, 'light': 8, 'tick': 2340}
[2026-03-09 02:10:16] mod_bridge INFO: Mod event: position_update {'x': -252.92, 'y': 75.0, 'z': -39.5, 'pitch': -90.0, 'yaw': -144.16603, 'on_ground': True, 'light': 8, 'tick': 2360}
[2026-03-09 02:10:17] mod_bridge INFO: Mod event: position_update {'x': -252.92, 'y': 75.0, 'z': -39.5, 'pitch': -90.0, 'yaw': -144.16603, 'on_ground': True, 'light': 8, 'tick': 2380}
[2026-03-09 02:10:17] mc_guard INFO: Ctrl+Q pressed ù save & quit requested.
[2026-03-09 02:10:17] main INFO: Ctrl+Q ù save & quit requested.
[2026-03-09 02:10:17] mod_bridge INFO: ModBridge stopped.
[2026-03-09 02:10:17] mc_guard INFO: Hook thread exiting. Stats: {'kb_blocked': 0, 'mouse_blocked': 38, 'passed': 1963}
[2026-03-09 02:10:17] mc_guard INFO: Input guard stopped.
[2026-03-09 02:10:17] mc_launcher INFO: Stopping Minecraft (PID 28204)...
[2026-03-09 02:10:19] mc_launcher INFO: Minecraft exited cleanly.
[2026-03-09 02:10:19] mc_launcher INFO: OS cursor un-clipped.
[2026-03-09 02:10:19] mc_env INFO: MinecraftEnv closed after 277 steps.
[2026-03-09 02:10:21] orchestrator INFO: Checkpoint saved: Z:\Baby_AI\checkpoints\checkpoint_minecraft.pt
[2026-03-09 02:10:21] orchestrator INFO: Shutting down Baby-AI system...
[2026-03-09 02:10:21] distill_thread INFO: Distillation thread stopped after 1 rounds.
[2026-03-09 02:10:21] learner INFO: Learner thread stopped after 368 steps.
[2026-03-09 02:10:21] inference INFO: Inference thread stopped after 277 steps.
[2026-03-09 02:10:23] orchestrator INFO: Checkpoint saved: Z:\Baby_AI\checkpoints\checkpoint_shutdown.pt
[2026-03-09 02:10:23] orchestrator INFO: System stopped.
[2026-03-09 02:10:23] main INFO: Minecraft session complete.
[2026-03-09 02:10:23] main INFO:   inference: {'step': 277, 'last_latency_ms': 80.23619998130016, 'queue_size': 0, 'running': False}
[2026-03-09 02:10:23] main INFO:   learner: {'step': 368, 'running': False, 'replay_size': 276}
[2026-03-09 02:10:23] main INFO:   distillation: {'distill_count': 1, 'last_distill_at': 251, 'running': False}
[2026-03-09 02:10:23] main INFO:   replay: {'size': 276, 'capacity': 50000, 'disk_mb': 12.142204284667969, 'disk_cap_gb': 4.0, 'total_priority': 69.32806550966448, 'step': 276, 'chunk_files': 100}
[2026-03-09 02:10:23] main INFO:   rewards: {'step': 314, 'intrinsic_weight': 0.48587, 'monitor': {'total': {'mean': 0.3426878402840169, 'std': 0.5970630788050643, 'n': 276}, 'intrinsic': {'mean': 3.3443560047426084, 'std': 0.09852132329529938, 'n': 276}, 'extrinsic': {'mean': 0.004999999999999999, 'std': 8.673617379884035e-19, 'n': 276}, 'exploration': {'mean': 0.0022718392420506134, 'std': 0.037674191749436425, 'n': 276}, 'interaction': {'mean': 0.0, 'std': 0.0, 'n': 276}, 'action_diversity': {'mean': 0.2592715249518098, 'std': 0.05248155700086479, 'n': 276}, 'movement': {'mean': 0.014204949623486703, 'std': 0.044570163226468375, 'n': 276}, 'block_break': {'mean': 0.0, 'std': 0.0, 'n': 276}, 'item_pickup': {'mean': 0.0, 'std': 0.0, 'n': 276}, 'block_place': {'mean': 0.0, 'std': 0.0, 'n': 276}, 'crafting': {'mean': 0.0, 'std': 0.0, 'n': 276}, 'building_streak': {'mean': 0.0, 'std': 0.0, 'n': 276}, 'creative_sequence': {'mean': 0.0, 'std': 0.0, 'n': 276}, 'death_penalty': {'mean': 0.0, 'std': 0.0, 'n': 276}}}
